17:56:04 INFO manager.ApplicationManager - Test starts on Chrome Driver
17:56:13 INFO tests.TestBase - Starts test ---> addNewContactTest
17:56:13 INFO manager.MyListener - Start searching element by ---> By.xpath: (//*[text()='Sign Out'])
17:56:16 INFO manager.MyListener - Start searching element by ---> By.xpath: (//*[text()='Sign Out'])is found
17:56:16 INFO manager.MyListener - Start searching element by ---> By.xpath: //*[text()='LOGIN']
17:56:16 INFO manager.MyListener - Start searching element by ---> By.xpath: //*[text()='LOGIN']is found
17:56:16 INFO manager.MyListener - Start searching element by ---> By.xpath: //input[1]
17:56:16 INFO manager.MyListener - Start searching element by ---> By.xpath: //input[1]is found
17:56:17 INFO manager.MyListener - Start searching element by ---> By.xpath: //input[2]
17:56:17 INFO manager.MyListener - Start searching element by ---> By.xpath: //input[2]is found
17:56:17 INFO manager.MyListener - Start searching element by ---> By.xpath: //button[1]
17:56:17 INFO manager.MyListener - Start searching element by ---> By.xpath: //button[1]is found
17:56:18 INFO manager.MyListener - Start searching element by ---> By.xpath: //a[.='ADD']
17:56:22 INFO manager.MyListener - SOMETHING WENT WRONG!!!
17:56:22 INFO manager.MyListener - no such element: Unable to locate element: {"method":"xpath","selector":"//a[.='ADD']"}
  (Session info: chrome=104.0.5112.102)
For documentation on this error, please visit: https://www.seleniumhq.org/exceptions/no_such_element.html
Build info: version: '3.141.59', revision: 'e82be7d358', time: '2018-11-14T08:17:03'
System info: host: 'DESKTOP-BOJHOAI', ip: '192.168.65.92', os.name: 'Windows 11', os.arch: 'amd64', os.version: '10.0', java.version: '11.0.15.1'
Driver info: org.openqa.selenium.chrome.ChromeDriver
Capabilities {acceptInsecureCerts: false, browserName: chrome, browserVersion: 104.0.5112.102, chrome: {chromedriverVersion: 103.0.5060.53 (a1711811edd7..., userDataDir: C:\Users\MARKGR~1\AppData\L...}, goog:chromeOptions: {debuggerAddress: localhost:60612}, javascriptEnabled: true, networkConnectionEnabled: false, pageLoadStrategy: normal, platform: WINDOWS, platformName: WINDOWS, proxy: Proxy(), setWindowRect: true, strictFileInteractability: false, timeouts: {implicit: 0, pageLoad: 300000, script: 30000}, unhandledPromptBehavior: dismiss and notify, webauthn:extension:credBlob: true, webauthn:extension:largeBlob: true, webauthn:virtualAuthenticators: true}
Session ID: 9a13375dbe97afec2b22a384f117406b
*** Element info: {Using=xpath, value=//a[.='ADD']}
17:56:22 INFO manager.MyListener - org.openqa.selenium.NoSuchElementException: no such element: Unable to locate element: {"method":"xpath","selector":"//a[.='ADD']"}
  (Session info: chrome=104.0.5112.102)
For documentation on this error, please visit: https://www.seleniumhq.org/exceptions/no_such_element.html
Build info: version: '3.141.59', revision: 'e82be7d358', time: '2018-11-14T08:17:03'
System info: host: 'DESKTOP-BOJHOAI', ip: '192.168.65.92', os.name: 'Windows 11', os.arch: 'amd64', os.version: '10.0', java.version: '11.0.15.1'
Driver info: org.openqa.selenium.chrome.ChromeDriver
Capabilities {acceptInsecureCerts: false, browserName: chrome, browserVersion: 104.0.5112.102, chrome: {chromedriverVersion: 103.0.5060.53 (a1711811edd7..., userDataDir: C:\Users\MARKGR~1\AppData\L...}, goog:chromeOptions: {debuggerAddress: localhost:60612}, javascriptEnabled: true, networkConnectionEnabled: false, pageLoadStrategy: normal, platform: WINDOWS, platformName: WINDOWS, proxy: Proxy(), setWindowRect: true, strictFileInteractability: false, timeouts: {implicit: 0, pageLoad: 300000, script: 30000}, unhandledPromptBehavior: dismiss and notify, webauthn:extension:credBlob: true, webauthn:extension:largeBlob: true, webauthn:virtualAuthenticators: true}
Session ID: 9a13375dbe97afec2b22a384f117406b
*** Element info: {Using=xpath, value=//a[.='ADD']}
17:56:23 INFO manager.MyListener - This is link for screenshot with error ---> src/test/screenshots/screenshot-3382.png
17:56:23 INFO tests.TestBase - *****************************************
17:56:23 INFO tests.TestBase - Starts test ---> addNewContactTest
17:56:23 INFO manager.MyListener - Start searching element by ---> By.xpath: (//*[text()='Sign Out'])
17:56:26 INFO manager.MyListener - Start searching element by ---> By.xpath: (//*[text()='Sign Out'])is found
17:56:26 INFO manager.MyListener - Start searching element by ---> By.xpath: //*[text()='LOGIN']
17:56:26 INFO manager.MyListener - Start searching element by ---> By.xpath: //*[text()='LOGIN']is found
17:56:26 INFO manager.MyListener - Start searching element by ---> By.xpath: //input[1]
17:56:29 INFO manager.MyListener - SOMETHING WENT WRONG!!!
17:56:29 INFO manager.MyListener - no such element: Unable to locate element: {"method":"xpath","selector":"//input[1]"}
  (Session info: chrome=104.0.5112.102)
For documentation on this error, please visit: https://www.seleniumhq.org/exceptions/no_such_element.html
Build info: version: '3.141.59', revision: 'e82be7d358', time: '2018-11-14T08:17:03'
System info: host: 'DESKTOP-BOJHOAI', ip: '192.168.65.92', os.name: 'Windows 11', os.arch: 'amd64', os.version: '10.0', java.version: '11.0.15.1'
Driver info: org.openqa.selenium.chrome.ChromeDriver
Capabilities {acceptInsecureCerts: false, browserName: chrome, browserVersion: 104.0.5112.102, chrome: {chromedriverVersion: 103.0.5060.53 (a1711811edd7..., userDataDir: C:\Users\MARKGR~1\AppData\L...}, goog:chromeOptions: {debuggerAddress: localhost:60612}, javascriptEnabled: true, networkConnectionEnabled: false, pageLoadStrategy: normal, platform: WINDOWS, platformName: WINDOWS, proxy: Proxy(), setWindowRect: true, strictFileInteractability: false, timeouts: {implicit: 0, pageLoad: 300000, script: 30000}, unhandledPromptBehavior: dismiss and notify, webauthn:extension:credBlob: true, webauthn:extension:largeBlob: true, webauthn:virtualAuthenticators: true}
Session ID: 9a13375dbe97afec2b22a384f117406b
*** Element info: {Using=xpath, value=//input[1]}
17:56:29 INFO manager.MyListener - org.openqa.selenium.NoSuchElementException: no such element: Unable to locate element: {"method":"xpath","selector":"//input[1]"}
  (Session info: chrome=104.0.5112.102)
For documentation on this error, please visit: https://www.seleniumhq.org/exceptions/no_such_element.html
Build info: version: '3.141.59', revision: 'e82be7d358', time: '2018-11-14T08:17:03'
System info: host: 'DESKTOP-BOJHOAI', ip: '192.168.65.92', os.name: 'Windows 11', os.arch: 'amd64', os.version: '10.0', java.version: '11.0.15.1'
Driver info: org.openqa.selenium.chrome.ChromeDriver
Capabilities {acceptInsecureCerts: false, browserName: chrome, browserVersion: 104.0.5112.102, chrome: {chromedriverVersion: 103.0.5060.53 (a1711811edd7..., userDataDir: C:\Users\MARKGR~1\AppData\L...}, goog:chromeOptions: {debuggerAddress: localhost:60612}, javascriptEnabled: true, networkConnectionEnabled: false, pageLoadStrategy: normal, platform: WINDOWS, platformName: WINDOWS, proxy: Proxy(), setWindowRect: true, strictFileInteractability: false, timeouts: {implicit: 0, pageLoad: 300000, script: 30000}, unhandledPromptBehavior: dismiss and notify, webauthn:extension:credBlob: true, webauthn:extension:largeBlob: true, webauthn:virtualAuthenticators: true}
Session ID: 9a13375dbe97afec2b22a384f117406b
*** Element info: {Using=xpath, value=//input[1]}
17:56:35 INFO manager.MyListener - This is link for screenshot with error ---> src/test/screenshots/screenshot-3389.png
17:56:35 INFO tests.TestBase - Starts test ---> loginPositiveTest
17:56:35 INFO manager.MyListener - Start searching element by ---> By.xpath: (//*[text()='Sign Out'])
17:56:35 INFO manager.MyListener - Start searching element by ---> By.xpath: (//*[text()='Sign Out'])is found
17:56:35 INFO manager.MyListener - Start searching element by ---> By.xpath: (//*[text()='Sign Out'])
17:56:35 INFO manager.MyListener - Start searching element by ---> By.xpath: (//*[text()='Sign Out'])is found
17:56:35 INFO manager.MyListener - Start searching element by ---> By.xpath: //*[text()='LOGIN']
17:56:35 INFO manager.MyListener - Start searching element by ---> By.xpath: //*[text()='LOGIN']is found
17:56:35 INFO manager.MyListener - Start searching element by ---> By.xpath: //input[1]
17:56:36 INFO manager.MyListener - Start searching element by ---> By.xpath: //input[1]is found
17:56:36 INFO manager.MyListener - Start searching element by ---> By.xpath: //input[2]
17:56:36 INFO manager.MyListener - Start searching element by ---> By.xpath: //input[2]is found
17:56:36 INFO manager.MyListener - Start searching element by ---> By.xpath: //button[1]
17:56:36 INFO manager.MyListener - Start searching element by ---> By.xpath: //button[1]is found
17:56:39 INFO manager.MyListener - Start searching element by ---> By.xpath: (//*[text()='Sign Out'])
17:56:39 INFO manager.MyListener - Start searching element by ---> By.xpath: (//*[text()='Sign Out'])is found
17:56:39 INFO tests.TestBase - *****************************************
17:56:39 INFO tests.TestBase - Starts test ---> loginTestModel
17:56:39 INFO manager.MyListener - Start searching element by ---> By.xpath: (//*[text()='Sign Out'])
17:56:39 INFO manager.MyListener - Start searching element by ---> By.xpath: (//*[text()='Sign Out'])is found
17:56:39 INFO manager.MyListener - Start searching element by ---> By.xpath: (//*[text()='Sign Out'])
17:56:39 INFO manager.MyListener - Start searching element by ---> By.xpath: (//*[text()='Sign Out'])is found
17:56:39 INFO manager.MyListener - Start searching element by ---> By.xpath: //*[text()='LOGIN']
17:56:39 INFO manager.MyListener - Start searching element by ---> By.xpath: //*[text()='LOGIN']is found
17:56:39 INFO manager.MyListener - Start searching element by ---> By.xpath: //input[1]
17:56:39 INFO manager.MyListener - Start searching element by ---> By.xpath: //input[1]is found
17:56:39 INFO manager.MyListener - Start searching element by ---> By.xpath: //input[2]
17:56:39 INFO manager.MyListener - Start searching element by ---> By.xpath: //input[2]is found
17:56:39 INFO manager.MyListener - Start searching element by ---> By.xpath: //button[1]
17:56:39 INFO manager.MyListener - Start searching element by ---> By.xpath: //button[1]is found
17:56:42 INFO manager.MyListener - Start searching element by ---> By.xpath: (//*[text()='Sign Out'])
17:56:42 INFO manager.MyListener - Start searching element by ---> By.xpath: (//*[text()='Sign Out'])is found
17:56:42 INFO tests.TestBase - *****************************************
17:56:42 INFO tests.TestBase - Starts test ---> registrationNegativeTest
17:56:42 INFO manager.MyListener - Start searching element by ---> By.xpath: (//*[text()='Sign Out'])
17:56:42 INFO manager.MyListener - Start searching element by ---> By.xpath: (//*[text()='Sign Out'])is found
17:56:42 INFO manager.MyListener - Start searching element by ---> By.xpath: (//*[text()='Sign Out'])
17:56:42 INFO manager.MyListener - Start searching element by ---> By.xpath: (//*[text()='Sign Out'])is found
17:56:42 INFO manager.MyListener - Start searching element by ---> By.xpath: //*[text()='LOGIN']
17:56:42 INFO manager.MyListener - Start searching element by ---> By.xpath: //*[text()='LOGIN']is found
17:56:42 INFO manager.MyListener - Start searching element by ---> By.xpath: //input[1]
17:56:42 INFO manager.MyListener - Start searching element by ---> By.xpath: //input[1]is found
17:56:43 INFO manager.MyListener - Start searching element by ---> By.xpath: //input[2]
17:56:43 INFO manager.MyListener - Start searching element by ---> By.xpath: //input[2]is found
17:56:43 INFO manager.MyListener - Start searching element by ---> By.xpath: //button[2]
17:56:43 INFO manager.MyListener - Start searching element by ---> By.xpath: //button[2]is found
17:56:44 INFO tests.TestBase - *****************************************
17:56:44 INFO tests.TestBase - Starts test ---> registrationPositiveTest
17:56:44 INFO manager.MyListener - Start searching element by ---> By.xpath: (//*[text()='Sign Out'])
17:56:47 INFO manager.MyListener - Start searching element by ---> By.xpath: (//*[text()='Sign Out'])is found
17:56:47 INFO tests.TestBase - registrationPositiveTest starts with: name3407@mail.com & $Name12345
17:56:47 INFO manager.MyListener - Start searching element by ---> By.xpath: //*[text()='LOGIN']
17:56:47 INFO manager.MyListener - Start searching element by ---> By.xpath: //*[text()='LOGIN']is found
17:56:47 INFO manager.MyListener - Start searching element by ---> By.xpath: //input[1]
17:56:47 INFO manager.MyListener - Start searching element by ---> By.xpath: //input[1]is found
17:56:47 INFO manager.MyListener - Start searching element by ---> By.xpath: //input[2]
17:56:47 INFO manager.MyListener - Start searching element by ---> By.xpath: //input[2]is found
17:56:47 INFO manager.MyListener - Start searching element by ---> By.xpath: //button[2]
17:56:47 INFO manager.MyListener - Start searching element by ---> By.xpath: //button[2]is found
17:56:47 INFO manager.MyListener - Start searching element by ---> By.xpath: //button
17:56:47 INFO manager.MyListener - Start searching element by ---> By.xpath: //buttonis found
17:56:47 INFO tests.TestBase - *****************************************
17:56:47 INFO tests.TestBase - Starts test ---> removeAllContacts
17:56:47 INFO manager.MyListener - Start searching element by ---> By.xpath: (//*[text()='Sign Out'])
17:56:47 INFO manager.MyListener - Start searching element by ---> By.xpath: (//*[text()='Sign Out'])is found
17:56:47 INFO manager.MyListener - Start searching element by ---> By.cssSelector: .contact-item_card__2SOIM
17:56:50 INFO manager.MyListener - Start searching element by ---> By.cssSelector: .contact-item_card__2SOIMis found
17:56:50 INFO manager.MyListener - Start searching element by ---> By.cssSelector: .contact-page_message__2qafk h1
17:56:50 INFO manager.MyListener - Start searching element by ---> By.cssSelector: .contact-page_message__2qafk h1is found
17:56:51 INFO tests.TestBase - *****************************************
17:56:51 INFO tests.TestBase - Starts test ---> removeOneContact
17:56:51 INFO manager.MyListener - Start searching element by ---> By.xpath: (//*[text()='Sign Out'])
17:56:51 INFO manager.MyListener - Start searching element by ---> By.xpath: (//*[text()='Sign Out'])is found
17:56:51 INFO manager.MyListener - Start searching element by ---> By.cssSelector: .contact-item_card__2SOIM
17:56:54 INFO manager.MyListener - Start searching element by ---> By.cssSelector: .contact-item_card__2SOIMis found
17:56:54 INFO manager.HelperContact - Number of contacts before : 0
17:56:54 INFO manager.MyListener - Start searching element by ---> By.cssSelector: .contact-item_card__2SOIM
17:56:57 INFO manager.MyListener - Start searching element by ---> By.cssSelector: .contact-item_card__2SOIMis found
17:56:57 INFO manager.MyListener - Start searching element by ---> By.cssSelector: .contact-item_card__2SOIM
17:57:00 INFO manager.MyListener - Start searching element by ---> By.cssSelector: .contact-item_card__2SOIMis found
17:57:00 INFO manager.HelperContact - Number of contacts after : 0
17:57:00 INFO tests.TestBase - *****************************************
