01:13:29 INFO manager.ApplicationManager - Test starts on Chrome Driver
01:13:56 INFO tests.TestBase - Starts test ---> removeAllContacts
01:13:56 INFO manager.MyListener - Start searching element by ---> By.xpath: (//*[text()='Sign Out'])
01:13:59 INFO manager.MyListener - Start searching element by ---> By.xpath: (//*[text()='Sign Out'])is found
01:13:59 INFO manager.MyListener - Start searching element by ---> By.xpath: //*[text()='LOGIN']
01:13:59 INFO manager.MyListener - Start searching element by ---> By.xpath: //*[text()='LOGIN']is found
01:13:59 INFO manager.MyListener - Start searching element by ---> By.xpath: //input[1]
01:13:59 INFO manager.MyListener - Start searching element by ---> By.xpath: //input[1]is found
01:13:59 INFO manager.MyListener - Start searching element by ---> By.xpath: //input[2]
01:13:59 INFO manager.MyListener - Start searching element by ---> By.xpath: //input[2]is found
01:14:00 INFO manager.MyListener - Start searching element by ---> By.xpath: //button[1]
01:14:00 INFO manager.MyListener - Start searching element by ---> By.xpath: //button[1]is found
01:14:01 INFO manager.MyListener - Start searching element by ---> By.cssSelector: .contact-item_card__2SOIM
01:14:04 INFO manager.MyListener - Start searching element by ---> By.cssSelector: .contact-item_card__2SOIMis found
01:14:04 INFO manager.MyListener - Start searching element by ---> By.cssSelector: .contact-page_message__2qafk h1
01:14:07 INFO manager.MyListener - SOMETHING WENT WRONG!!!
01:14:07 INFO manager.MyListener - no such element: Unable to locate element: {"method":"css selector","selector":".contact-page_message__2qafk h1"}
  (Session info: chrome=104.0.5112.102)
For documentation on this error, please visit: https://www.seleniumhq.org/exceptions/no_such_element.html
Build info: version: '3.141.59', revision: 'e82be7d358', time: '2018-11-14T08:17:03'
System info: host: 'DESKTOP-BOJHOAI', ip: '192.168.193.92', os.name: 'Windows 11', os.arch: 'amd64', os.version: '10.0', java.version: '11.0.15.1'
Driver info: org.openqa.selenium.chrome.ChromeDriver
Capabilities {acceptInsecureCerts: false, browserName: chrome, browserVersion: 104.0.5112.102, chrome: {chromedriverVersion: 103.0.5060.53 (a1711811edd7..., userDataDir: C:\Users\MARKGR~1\AppData\L...}, goog:chromeOptions: {debuggerAddress: localhost:58068}, javascriptEnabled: true, networkConnectionEnabled: false, pageLoadStrategy: normal, platform: WINDOWS, platformName: WINDOWS, proxy: Proxy(), setWindowRect: true, strictFileInteractability: false, timeouts: {implicit: 0, pageLoad: 300000, script: 30000}, unhandledPromptBehavior: dismiss and notify, webauthn:extension:credBlob: true, webauthn:extension:largeBlob: true, webauthn:virtualAuthenticators: true}
Session ID: b7050011a6cc58e2d584c76a73f2171e
*** Element info: {Using=css selector, value=.contact-page_message__2qafk h1}
01:14:07 INFO manager.MyListener - org.openqa.selenium.NoSuchElementException: no such element: Unable to locate element: {"method":"css selector","selector":".contact-page_message__2qafk h1"}
  (Session info: chrome=104.0.5112.102)
For documentation on this error, please visit: https://www.seleniumhq.org/exceptions/no_such_element.html
Build info: version: '3.141.59', revision: 'e82be7d358', time: '2018-11-14T08:17:03'
System info: host: 'DESKTOP-BOJHOAI', ip: '192.168.193.92', os.name: 'Windows 11', os.arch: 'amd64', os.version: '10.0', java.version: '11.0.15.1'
Driver info: org.openqa.selenium.chrome.ChromeDriver
Capabilities {acceptInsecureCerts: false, browserName: chrome, browserVersion: 104.0.5112.102, chrome: {chromedriverVersion: 103.0.5060.53 (a1711811edd7..., userDataDir: C:\Users\MARKGR~1\AppData\L...}, goog:chromeOptions: {debuggerAddress: localhost:58068}, javascriptEnabled: true, networkConnectionEnabled: false, pageLoadStrategy: normal, platform: WINDOWS, platformName: WINDOWS, proxy: Proxy(), setWindowRect: true, strictFileInteractability: false, timeouts: {implicit: 0, pageLoad: 300000, script: 30000}, unhandledPromptBehavior: dismiss and notify, webauthn:extension:credBlob: true, webauthn:extension:largeBlob: true, webauthn:virtualAuthenticators: true}
Session ID: b7050011a6cc58e2d584c76a73f2171e
*** Element info: {Using=css selector, value=.contact-page_message__2qafk h1}
01:14:08 INFO manager.MyListener - This is link for screenshot with error ---> src/test/screenshots/screenshot-847.png
01:14:08 INFO tests.TestBase - *****************************************
01:14:08 INFO tests.TestBase - Starts test ---> removeOneContact
01:14:08 INFO manager.MyListener - Start searching element by ---> By.xpath: (//*[text()='Sign Out'])
01:14:09 INFO manager.MyListener - Start searching element by ---> By.xpath: (//*[text()='Sign Out'])is found
01:14:09 INFO manager.MyListener - Start searching element by ---> By.cssSelector: .contact-item_card__2SOIM
01:14:09 INFO manager.MyListener - Start searching element by ---> By.cssSelector: .contact-item_card__2SOIMis found
01:14:09 INFO manager.HelperContact - Number of contacts before : 17
01:14:09 INFO manager.MyListener - Start searching element by ---> By.cssSelector: .contact-item_card__2SOIM
01:14:09 INFO manager.MyListener - Start searching element by ---> By.cssSelector: .contact-item_card__2SOIMis found
01:14:09 INFO manager.MyListener - Start searching element by ---> By.cssSelector: .contact-item_card__2SOIM h3
01:14:09 INFO manager.MyListener - Start searching element by ---> By.cssSelector: .contact-item_card__2SOIM h3is found
01:14:09 INFO manager.HelperContact - The removed phone number is 1234567890
01:14:09 INFO manager.MyListener - Start searching element by ---> By.cssSelector: .contact-item_card__2SOIM
01:14:09 INFO manager.MyListener - Start searching element by ---> By.cssSelector: .contact-item_card__2SOIMis found
01:14:09 INFO manager.MyListener - Start searching element by ---> By.xpath: //button[.='Remove']
01:14:09 INFO manager.MyListener - Start searching element by ---> By.xpath: //button[.='Remove']is found
01:14:09 INFO manager.MyListener - Start searching element by ---> By.cssSelector: .contact-item_card__2SOIM
01:14:09 INFO manager.MyListener - Start searching element by ---> By.cssSelector: .contact-item_card__2SOIMis found
01:14:09 INFO manager.HelperContact - Number of contacts after : 17
01:14:09 INFO tests.TestBase - *****************************************
