00:45:06 INFO manager.ApplicationManager - Test starts on Chrome Driver
00:45:19 INFO tests.TestBase - Starts test ---> addNewContactTest
00:45:19 INFO manager.MyListener - Start searching element by ---> By.xpath: (//*[text()='Sign Out'])
00:45:22 INFO manager.MyListener - Start searching element by ---> By.xpath: (//*[text()='Sign Out'])is found
00:45:22 INFO manager.MyListener - Start searching element by ---> By.xpath: //*[text()='LOGIN']
00:45:22 INFO manager.MyListener - Start searching element by ---> By.xpath: //*[text()='LOGIN']is found
00:45:22 INFO manager.MyListener - Start searching element by ---> By.xpath: //input[1]
00:45:22 INFO manager.MyListener - Start searching element by ---> By.xpath: //input[1]is found
00:45:22 INFO manager.MyListener - Start searching element by ---> By.xpath: //input[2]
00:45:23 INFO manager.MyListener - Start searching element by ---> By.xpath: //input[2]is found
00:45:23 INFO manager.MyListener - Start searching element by ---> By.xpath: //button[1]
00:45:23 INFO manager.MyListener - Start searching element by ---> By.xpath: //button[1]is found
00:45:24 INFO manager.MyListener - Start searching element by ---> By.xpath: //a[.='ADD']
00:45:25 INFO manager.MyListener - Start searching element by ---> By.xpath: //a[.='ADD']is found
00:45:25 INFO manager.MyListener - Start searching element by ---> By.cssSelector: [placeholder='Name']
00:45:25 INFO manager.MyListener - Start searching element by ---> By.cssSelector: [placeholder='Name']is found
00:45:25 INFO manager.MyListener - Start searching element by ---> By.cssSelector: [placeholder='Last Name']
00:45:25 INFO manager.MyListener - Start searching element by ---> By.cssSelector: [placeholder='Last Name']is found
00:45:25 INFO manager.MyListener - Start searching element by ---> By.cssSelector: [placeholder='Phone']
00:45:26 INFO manager.MyListener - Start searching element by ---> By.cssSelector: [placeholder='Phone']is found
00:45:26 INFO manager.MyListener - Start searching element by ---> By.cssSelector: [placeholder='email']
00:45:26 INFO manager.MyListener - Start searching element by ---> By.cssSelector: [placeholder='email']is found
00:45:26 INFO manager.MyListener - Start searching element by ---> By.cssSelector: [placeholder='Address']
00:45:26 INFO manager.MyListener - Start searching element by ---> By.cssSelector: [placeholder='Address']is found
00:45:27 INFO manager.MyListener - Start searching element by ---> By.cssSelector: [placeholder='description']
00:45:27 INFO manager.MyListener - Start searching element by ---> By.cssSelector: [placeholder='description']is found
00:45:27 INFO manager.MyListener - Start searching element by ---> By.xpath: //button[.='Save']
00:45:27 INFO manager.MyListener - Start searching element by ---> By.xpath: //button[.='Save']is found
00:45:27 INFO manager.MyListener - Start searching element by ---> By.xpath: //h3[.='123452724']
00:45:30 INFO manager.MyListener - SOMETHING WENT WRONG!!!
00:45:30 INFO manager.MyListener - no such element: Unable to locate element: {"method":"xpath","selector":"//h3[.='123452724']"}
  (Session info: chrome=104.0.5112.102)
For documentation on this error, please visit: https://www.seleniumhq.org/exceptions/no_such_element.html
Build info: version: '3.141.59', revision: 'e82be7d358', time: '2018-11-14T08:17:03'
System info: host: 'DESKTOP-BOJHOAI', ip: '192.168.193.92', os.name: 'Windows 11', os.arch: 'amd64', os.version: '10.0', java.version: '11.0.15.1'
Driver info: org.openqa.selenium.chrome.ChromeDriver
Capabilities {acceptInsecureCerts: false, browserName: chrome, browserVersion: 104.0.5112.102, chrome: {chromedriverVersion: 103.0.5060.53 (a1711811edd7..., userDataDir: C:\Users\MARKGR~1\AppData\L...}, goog:chromeOptions: {debuggerAddress: localhost:53509}, javascriptEnabled: true, networkConnectionEnabled: false, pageLoadStrategy: normal, platform: WINDOWS, platformName: WINDOWS, proxy: Proxy(), setWindowRect: true, strictFileInteractability: false, timeouts: {implicit: 0, pageLoad: 300000, script: 30000}, unhandledPromptBehavior: dismiss and notify, webauthn:extension:credBlob: true, webauthn:extension:largeBlob: true, webauthn:virtualAuthenticators: true}
Session ID: 5bc0b540a321b076dc50c144bb66b2bb
*** Element info: {Using=xpath, value=//h3[.='123452724']}
00:45:30 INFO manager.MyListener - org.openqa.selenium.NoSuchElementException: no such element: Unable to locate element: {"method":"xpath","selector":"//h3[.='123452724']"}
  (Session info: chrome=104.0.5112.102)
For documentation on this error, please visit: https://www.seleniumhq.org/exceptions/no_such_element.html
Build info: version: '3.141.59', revision: 'e82be7d358', time: '2018-11-14T08:17:03'
System info: host: 'DESKTOP-BOJHOAI', ip: '192.168.193.92', os.name: 'Windows 11', os.arch: 'amd64', os.version: '10.0', java.version: '11.0.15.1'
Driver info: org.openqa.selenium.chrome.ChromeDriver
Capabilities {acceptInsecureCerts: false, browserName: chrome, browserVersion: 104.0.5112.102, chrome: {chromedriverVersion: 103.0.5060.53 (a1711811edd7..., userDataDir: C:\Users\MARKGR~1\AppData\L...}, goog:chromeOptions: {debuggerAddress: localhost:53509}, javascriptEnabled: true, networkConnectionEnabled: false, pageLoadStrategy: normal, platform: WINDOWS, platformName: WINDOWS, proxy: Proxy(), setWindowRect: true, strictFileInteractability: false, timeouts: {implicit: 0, pageLoad: 300000, script: 30000}, unhandledPromptBehavior: dismiss and notify, webauthn:extension:credBlob: true, webauthn:extension:largeBlob: true, webauthn:virtualAuthenticators: true}
Session ID: 5bc0b540a321b076dc50c144bb66b2bb
*** Element info: {Using=xpath, value=//h3[.='123452724']}
00:45:31 INFO manager.MyListener - This is link for screenshot with error ---> src/test/screenshots/screenshot-2730.png
00:45:31 INFO tests.TestBase - *****************************************
00:45:31 INFO tests.TestBase - Starts test ---> addNewContactTest
00:45:31 INFO manager.MyListener - Start searching element by ---> By.xpath: (//*[text()='Sign Out'])
00:45:31 INFO manager.MyListener - Start searching element by ---> By.xpath: (//*[text()='Sign Out'])is found
00:45:31 INFO manager.MyListener - Start searching element by ---> By.xpath: //a[.='ADD']
00:45:31 INFO manager.MyListener - Start searching element by ---> By.xpath: //a[.='ADD']is found
00:45:31 INFO manager.MyListener - Start searching element by ---> By.cssSelector: [placeholder='Name']
00:45:31 INFO manager.MyListener - Start searching element by ---> By.cssSelector: [placeholder='Name']is found
00:45:32 INFO manager.MyListener - Start searching element by ---> By.cssSelector: [placeholder='Last Name']
00:45:32 INFO manager.MyListener - Start searching element by ---> By.cssSelector: [placeholder='Last Name']is found
00:45:32 INFO manager.MyListener - Start searching element by ---> By.cssSelector: [placeholder='Phone']
00:45:32 INFO manager.MyListener - Start searching element by ---> By.cssSelector: [placeholder='Phone']is found
00:45:33 INFO manager.MyListener - Start searching element by ---> By.cssSelector: [placeholder='email']
00:45:33 INFO manager.MyListener - Start searching element by ---> By.cssSelector: [placeholder='email']is found
00:45:33 INFO manager.MyListener - Start searching element by ---> By.cssSelector: [placeholder='Address']
00:45:33 INFO manager.MyListener - Start searching element by ---> By.cssSelector: [placeholder='Address']is found
00:45:33 INFO manager.MyListener - Start searching element by ---> By.cssSelector: [placeholder='description']
00:45:33 INFO manager.MyListener - Start searching element by ---> By.cssSelector: [placeholder='description']is found
00:45:34 INFO manager.MyListener - Start searching element by ---> By.xpath: //button[.='Save']
00:45:34 INFO manager.MyListener - Start searching element by ---> By.xpath: //button[.='Save']is found
00:45:34 INFO manager.MyListener - Start searching element by ---> By.xpath: //h3[.='123452731']
00:45:34 INFO manager.MyListener - Start searching element by ---> By.xpath: //h3[.='123452731']is found
00:45:34 INFO tests.TestBase - *****************************************
00:45:34 INFO tests.TestBase - Starts test ---> addNewContactTest
00:45:34 INFO manager.MyListener - Start searching element by ---> By.xpath: (//*[text()='Sign Out'])
00:45:34 INFO manager.MyListener - Start searching element by ---> By.xpath: (//*[text()='Sign Out'])is found
00:45:34 INFO manager.MyListener - Start searching element by ---> By.xpath: //a[.='ADD']
00:45:34 INFO manager.MyListener - Start searching element by ---> By.xpath: //a[.='ADD']is found
00:45:34 INFO manager.MyListener - Start searching element by ---> By.cssSelector: [placeholder='Name']
00:45:34 INFO manager.MyListener - Start searching element by ---> By.cssSelector: [placeholder='Name']is found
00:45:35 INFO manager.MyListener - Start searching element by ---> By.cssSelector: [placeholder='Last Name']
00:45:35 INFO manager.MyListener - Start searching element by ---> By.cssSelector: [placeholder='Last Name']is found
00:45:35 INFO manager.MyListener - Start searching element by ---> By.cssSelector: [placeholder='Phone']
00:45:35 INFO manager.MyListener - Start searching element by ---> By.cssSelector: [placeholder='Phone']is found
00:45:36 INFO manager.MyListener - Start searching element by ---> By.cssSelector: [placeholder='email']
00:45:36 INFO manager.MyListener - Start searching element by ---> By.cssSelector: [placeholder='email']is found
00:45:36 INFO manager.MyListener - Start searching element by ---> By.cssSelector: [placeholder='Address']
00:45:36 INFO manager.MyListener - Start searching element by ---> By.cssSelector: [placeholder='Address']is found
00:45:36 INFO manager.MyListener - Start searching element by ---> By.cssSelector: [placeholder='description']
00:45:36 INFO manager.MyListener - Start searching element by ---> By.cssSelector: [placeholder='description']is found
00:45:37 INFO manager.MyListener - Start searching element by ---> By.xpath: //button[.='Save']
00:45:37 INFO manager.MyListener - Start searching element by ---> By.xpath: //button[.='Save']is found
00:45:37 INFO manager.MyListener - Start searching element by ---> By.xpath: //h3[.='123452734']
00:45:37 INFO manager.MyListener - Start searching element by ---> By.xpath: //h3[.='123452734']is found
00:45:37 INFO tests.TestBase - *****************************************
00:45:37 INFO tests.TestBase - Starts test ---> addNewContactTest
00:45:37 INFO manager.MyListener - Start searching element by ---> By.xpath: (//*[text()='Sign Out'])
00:45:38 INFO manager.MyListener - Start searching element by ---> By.xpath: (//*[text()='Sign Out'])is found
00:45:38 INFO manager.MyListener - Start searching element by ---> By.xpath: //a[.='ADD']
00:45:38 INFO manager.MyListener - Start searching element by ---> By.xpath: //a[.='ADD']is found
00:45:38 INFO manager.MyListener - Start searching element by ---> By.cssSelector: [placeholder='Name']
00:45:38 INFO manager.MyListener - Start searching element by ---> By.cssSelector: [placeholder='Name']is found
00:45:38 INFO manager.MyListener - Start searching element by ---> By.cssSelector: [placeholder='Last Name']
00:45:38 INFO manager.MyListener - Start searching element by ---> By.cssSelector: [placeholder='Last Name']is found
00:45:38 INFO manager.MyListener - Start searching element by ---> By.cssSelector: [placeholder='Phone']
00:45:38 INFO manager.MyListener - Start searching element by ---> By.cssSelector: [placeholder='Phone']is found
00:45:39 INFO manager.MyListener - Start searching element by ---> By.cssSelector: [placeholder='email']
00:45:39 INFO manager.MyListener - Start searching element by ---> By.cssSelector: [placeholder='email']is found
00:45:39 INFO manager.MyListener - Start searching element by ---> By.cssSelector: [placeholder='Address']
00:45:39 INFO manager.MyListener - Start searching element by ---> By.cssSelector: [placeholder='Address']is found
00:45:39 INFO manager.MyListener - Start searching element by ---> By.cssSelector: [placeholder='description']
00:45:39 INFO manager.MyListener - Start searching element by ---> By.cssSelector: [placeholder='description']is found
00:45:40 INFO manager.MyListener - Start searching element by ---> By.xpath: //button[.='Save']
00:45:40 INFO manager.MyListener - Start searching element by ---> By.xpath: //button[.='Save']is found
00:45:40 INFO manager.MyListener - Start searching element by ---> By.xpath: //h3[.='123452738']
00:45:40 INFO manager.MyListener - Start searching element by ---> By.xpath: //h3[.='123452738']is found
00:45:40 INFO tests.TestBase - *****************************************
